The system is: Linux - 4.18.0-477.10.1.el8_8.x86_64 - x86_64
Compiling the C compiler identification source file "CMakeCCompilerId.c" succeeded.
Compiler: /opt/rh/gcc-toolset-12/root/usr/bin/cc 
Build flags: 
Id flags:  

The output was:
0


Compilation of the C compiler identification source "CMakeCCompilerId.c" produced "a.out"

The C compiler identification is GNU, found in "/home/s5523468/SphereLight/CMakeFiles/3.20.2/CompilerIdC/a.out"

Compiling the CXX compiler identification source file "CMakeCXXCompilerId.cpp" succeeded.
Compiler: /opt/rh/gcc-toolset-12/root/usr/bin/c++ 
Build flags: 
Id flags:  

The output was:
0


Compilation of the CXX compiler identification source "CMakeCXXCompilerId.cpp" produced "a.out"

The CXX compiler identification is GNU, found in "/home/s5523468/SphereLight/CMakeFiles/3.20.2/CompilerIdCXX/a.out"

Detecting C compiler ABI info compiled with the following output:
Change Dir: /home/s5523468/SphereLight/CMakeFiles/CMakeTmp

Run Build Command(s):/usr/bin/gmake -f Makefile cmTC_ea84f/fast && /usr/bin/gmake  -f CMakeFiles/cmTC_ea84f.dir/build.make CMakeFiles/cmTC_ea84f.dir/build
gmake[1]: Entering directory '/home/s5523468/SphereLight/CMakeFiles/CMakeTmp'
Building C object CMakeFiles/cmTC_ea84f.dir/CMakeCCompilerABI.c.o
/opt/rh/gcc-toolset-12/root/usr/bin/cc   -v -o CMakeFiles/cmTC_ea84f.dir/CMakeCCompilerABI.c.o -c /usr/share/cmake/Modules/CMakeCCompilerABI.c
Using built-in specs.
COLLECT_GCC=/opt/rh/gcc-toolset-12/root/usr/bin/cc
OFFLOAD_TARGET_NAMES=nvptx-none
OFFLOAD_TARGET_DEFAULT=1
Target: x86_64-redhat-linux
Configured with: ../configure --enable-bootstrap --enable-languages=c,c++,fortran,lto --prefix=/opt/rh/gcc-toolset-12/root/usr --mandir=/opt/rh/gcc-toolset-12/root/usr/share/man --infodir=/opt/rh/gcc-toolset-12/root/usr/share/info --with-bugurl=http://bugzilla.redhat.com/bugzilla --enable-shared --enable-threads=posix --enable-checking=release --enable-multilib --with-system-zlib --enable-__cxa_atexit --disable-libunwind-exceptions --enable-gnu-unique-object --enable-linker-build-id --with-gcc-major-version-only --enable-libstdcxx-backtrace --with-linker-hash-style=gnu --enable-plugin --enable-initfini-array --with-isl=/builddir/build/BUILD/gcc-12.2.1-20221121/obj-x86_64-redhat-linux/isl-install --enable-offload-targets=nvptx-none --without-cuda-driver --enable-offload-defaulted --enable-gnu-indirect-function --enable-cet --with-tune=generic --with-arch_32=x86-64 --build=x86_64-redhat-linux
Thread model: posix
Supported LTO compression algorithms: zlib zstd
gcc version 12.2.1 20221121 (Red Hat 12.2.1-7) (GCC) 
COLLECT_GCC_OPTIONS='-v' '-o' 'CMakeFiles/cmTC_ea84f.dir/CMakeCCompilerABI.c.o' '-c' '-mtune=generic' '-march=x86-64' '-dumpdir' 'CMakeFiles/cmTC_ea84f.dir/'
 /opt/rh/gcc-toolset-12/root/usr/libexec/gcc/x86_64-redhat-linux/12/cc1 -quiet -v /usr/share/cmake/Modules/CMakeCCompilerABI.c -quiet -dumpdir CMakeFiles/cmTC_ea84f.dir/ -dumpbase CMakeCCompilerABI.c.c -dumpbase-ext .c -mtune=generic -march=x86-64 -version -o /tmp/cccdGXFt.s
GNU C17 (GCC) version 12.2.1 20221121 (Red Hat 12.2.1-7) (x86_64-redhat-linux)
	compiled by GNU C version 12.2.1 20221121 (Red Hat 12.2.1-7), GMP version 6.1.2, MPFR version 3.1.6-p2, MPC version 1.1.0, isl version isl-0.24-GMP

GGC heuristics: --param ggc-min-expand=100 --param ggc-min-heapsize=131072
ignoring nonexistent directory "/opt/rh/gcc-toolset-12/root/usr/lib/gcc/x86_64-redhat-linux/12/include-fixed"
ignoring nonexistent directory "/opt/rh/gcc-toolset-12/root/usr/lib/gcc/x86_64-redhat-linux/12/../../../../x86_64-redhat-linux/include"
#include "..." search starts here:
#include <...> search starts here:
 /opt/rh/gcc-toolset-12/root/usr/lib/gcc/x86_64-redhat-linux/12/include
 /usr/local/include
 /opt/rh/gcc-toolset-12/root/usr/include
 /usr/include
End of search list.
GNU C17 (GCC) version 12.2.1 20221121 (Red Hat 12.2.1-7) (x86_64-redhat-linux)
	compiled by GNU C version 12.2.1 20221121 (Red Hat 12.2.1-7), GMP version 6.1.2, MPFR version 3.1.6-p2, MPC version 1.1.0, isl version isl-0.24-GMP

GGC heuristics: --param ggc-min-expand=100 --param ggc-min-heapsize=131072
Compiler executable checksum: 54c4f1d3a0a3eba603d2e8cfa867cdf6
COLLECT_GCC_OPTIONS='-v' '-o' 'CMakeFiles/cmTC_ea84f.dir/CMakeCCompilerABI.c.o' '-c' '-mtune=generic' '-march=x86-64' '-dumpdir' 'CMakeFiles/cmTC_ea84f.dir/'
 /opt/rh/gcc-toolset-12/root/usr/libexec/gcc/x86_64-redhat-linux/12/as -v --64 -o CMakeFiles/cmTC_ea84f.dir/CMakeCCompilerABI.c.o /tmp/cccdGXFt.s
GNU assembler version 2.38 (x86_64-redhat-linux) using BFD version version 2.38-17.el8
COMPILER_PATH=/opt/rh/gcc-toolset-12/root/usr/libexec/gcc/x86_64-redhat-linux/12/:/opt/rh/gcc-toolset-12/root/usr/libexec/gcc/x86_64-redhat-linux/12/:/opt/rh/gcc-toolset-12/root/usr/libexec/gcc/x86_64-redhat-linux/:/opt/rh/gcc-toolset-12/root/usr/lib/gcc/x86_64-redhat-linux/12/:/opt/rh/gcc-toolset-12/root/usr/lib/gcc/x86_64-redhat-linux/
LIBRARY_PATH=/opt/rh/gcc-toolset-12/root/usr/lib/gcc/x86_64-redhat-linux/12/:/opt/rh/gcc-toolset-12/root/usr/lib/gcc/x86_64-redhat-linux/12/../../../../lib64/:/lib/../lib64/:/usr/lib/../lib64/:/opt/rh/gcc-toolset-12/root/usr/lib/gcc/x86_64-redhat-linux/12/../../../:/lib/:/usr/lib/
COLLECT_GCC_OPTIONS='-v' '-o' 'CMakeFiles/cmTC_ea84f.dir/CMakeCCompilerABI.c.o' '-c' '-mtune=generic' '-march=x86-64' '-dumpdir' 'CMakeFiles/cmTC_ea84f.dir/CMakeCCompilerABI.c.'
Linking C executable cmTC_ea84f
/usr/bin/cmake -E cmake_link_script CMakeFiles/cmTC_ea84f.dir/link.txt --verbose=1
/opt/rh/gcc-toolset-12/root/usr/bin/cc  -v CMakeFiles/cmTC_ea84f.dir/CMakeCCompilerABI.c.o -o cmTC_ea84f 
Using built-in specs.
COLLECT_GCC=/opt/rh/gcc-toolset-12/root/usr/bin/cc
COLLECT_LTO_WRAPPER=/opt/rh/gcc-toolset-12/root/usr/libexec/gcc/x86_64-redhat-linux/12/lto-wrapper
OFFLOAD_TARGET_NAMES=nvptx-none
OFFLOAD_TARGET_DEFAULT=1
Target: x86_64-redhat-linux
Configured with: ../configure --enable-bootstrap --enable-languages=c,c++,fortran,lto --prefix=/opt/rh/gcc-toolset-12/root/usr --mandir=/opt/rh/gcc-toolset-12/root/usr/share/man --infodir=/opt/rh/gcc-toolset-12/root/usr/share/info --with-bugurl=http://bugzilla.redhat.com/bugzilla --enable-shared --enable-threads=posix --enable-checking=release --enable-multilib --with-system-zlib --enable-__cxa_atexit --disable-libunwind-exceptions --enable-gnu-unique-object --enable-linker-build-id --with-gcc-major-version-only --enable-libstdcxx-backtrace --with-linker-hash-style=gnu --enable-plugin --enable-initfini-array --with-isl=/builddir/build/BUILD/gcc-12.2.1-20221121/obj-x86_64-redhat-linux/isl-install --enable-offload-targets=nvptx-none --without-cuda-driver --enable-offload-defaulted --enable-gnu-indirect-function --enable-cet --with-tune=generic --with-arch_32=x86-64 --build=x86_64-redhat-linux
Thread model: posix
Supported LTO compression algorithms: zlib zstd
gcc version 12.2.1 20221121 (Red Hat 12.2.1-7) (GCC) 
COMPILER_PATH=/opt/rh/gcc-toolset-12/root/usr/libexec/gcc/x86_64-redhat-linux/12/:/opt/rh/gcc-toolset-12/root/usr/libexec/gcc/x86_64-redhat-linux/12/:/opt/rh/gcc-toolset-12/root/usr/libexec/gcc/x86_64-redhat-linux/:/opt/rh/gcc-toolset-12/root/usr/lib/gcc/x86_64-redhat-linux/12/:/opt/rh/gcc-toolset-12/root/usr/lib/gcc/x86_64-redhat-linux/
LIBRARY_PATH=/opt/rh/gcc-toolset-12/root/usr/lib/gcc/x86_64-redhat-linux/12/:/opt/rh/gcc-toolset-12/root/usr/lib/gcc/x86_64-redhat-linux/12/../../../../lib64/:/lib/../lib64/:/usr/lib/../lib64/:/opt/rh/gcc-toolset-12/root/usr/lib/gcc/x86_64-redhat-linux/12/../../../:/lib/:/usr/lib/
COLLECT_GCC_OPTIONS='-v' '-o' 'cmTC_ea84f' '-mtune=generic' '-march=x86-64' '-dumpdir' 'cmTC_ea84f.'
 /opt/rh/gcc-toolset-12/root/usr/libexec/gcc/x86_64-redhat-linux/12/collect2 -plugin /opt/rh/gcc-toolset-12/root/usr/libexec/gcc/x86_64-redhat-linux/12/liblto_plugin.so -plugin-opt=/opt/rh/gcc-toolset-12/root/usr/libexec/gcc/x86_64-redhat-linux/12/lto-wrapper -plugin-opt=-fresolution=/tmp/ccOjSVMn.res -plugin-opt=-pass-through=-lgcc -plugin-opt=-pass-through=-lgcc_s -plugin-opt=-pass-through=-lc -plugin-opt=-pass-through=-lgcc -plugin-opt=-pass-through=-lgcc_s --build-id --no-add-needed --eh-frame-hdr --hash-style=gnu -m elf_x86_64 -dynamic-linker /lib64/ld-linux-x86-64.so.2 -o cmTC_ea84f /lib/../lib64/crt1.o /lib/../lib64/crti.o /opt/rh/gcc-toolset-12/root/usr/lib/gcc/x86_64-redhat-linux/12/crtbegin.o -L/opt/rh/gcc-toolset-12/root/usr/lib/gcc/x86_64-redhat-linux/12 -L/opt/rh/gcc-toolset-12/root/usr/lib/gcc/x86_64-redhat-linux/12/../../../../lib64 -L/lib/../lib64 -L/usr/lib/../lib64 -L/opt/rh/gcc-toolset-12/root/usr/lib/gcc/x86_64-redhat-linux/12/../../.. CMakeFiles/cmTC_ea84f.dir/CMakeCCompilerABI.c.o -lgcc --push-state --as-needed -lgcc_s --pop-state -lc -lgcc --push-state --as-needed -lgcc_s --pop-state /opt/rh/gcc-toolset-12/root/usr/lib/gcc/x86_64-redhat-linux/12/crtend.o /lib/../lib64/crtn.o
COLLECT_GCC_OPTIONS='-v' '-o' 'cmTC_ea84f' '-mtune=generic' '-march=x86-64' '-dumpdir' 'cmTC_ea84f.'
gmake[1]: Leaving directory '/home/s5523468/SphereLight/CMakeFiles/CMakeTmp'



Parsed C implicit include dir info from above output: rv=done
  found start of include info
  found start of implicit include info
    add: [/opt/rh/gcc-toolset-12/root/usr/lib/gcc/x86_64-redhat-linux/12/include]
    add: [/usr/local/include]
    add: [/opt/rh/gcc-toolset-12/root/usr/include]
    add: [/usr/include]
  end of search list found
  collapse include dir [/opt/rh/gcc-toolset-12/root/usr/lib/gcc/x86_64-redhat-linux/12/include] ==> [/opt/rh/gcc-toolset-12/root/usr/lib/gcc/x86_64-redhat-linux/12/include]
  collapse include dir [/usr/local/include] ==> [/usr/local/include]
  collapse include dir [/opt/rh/gcc-toolset-12/root/usr/include] ==> [/opt/rh/gcc-toolset-12/root/usr/include]
  collapse include dir [/usr/include] ==> [/usr/include]
  implicit include dirs: [/opt/rh/gcc-toolset-12/root/usr/lib/gcc/x86_64-redhat-linux/12/include;/usr/local/include;/opt/rh/gcc-toolset-12/root/usr/include;/usr/include]


Parsed C implicit link information from above output:
  link line regex: [^( *|.*[/\])(ld|CMAKE_LINK_STARTFILE-NOTFOUND|([^/\]+-)?ld|collect2)[^/\]*( |$)]
  ignore line: [Change Dir: /home/s5523468/SphereLight/CMakeFiles/CMakeTmp]
  ignore line: []
  ignore line: [Run Build Command(s):/usr/bin/gmake -f Makefile cmTC_ea84f/fast && /usr/bin/gmake  -f CMakeFiles/cmTC_ea84f.dir/build.make CMakeFiles/cmTC_ea84f.dir/build]
  ignore line: [gmake[1]: Entering directory '/home/s5523468/SphereLight/CMakeFiles/CMakeTmp']
  ignore line: [Building C object CMakeFiles/cmTC_ea84f.dir/CMakeCCompilerABI.c.o]
  ignore line: [/opt/rh/gcc-toolset-12/root/usr/bin/cc   -v -o CMakeFiles/cmTC_ea84f.dir/CMakeCCompilerABI.c.o -c /usr/share/cmake/Modules/CMakeCCompilerABI.c]
  ignore line: [Using built-in specs.]
  ignore line: [COLLECT_GCC=/opt/rh/gcc-toolset-12/root/usr/bin/cc]
  ignore line: [OFFLOAD_TARGET_NAMES=nvptx-none]
  ignore line: [OFFLOAD_TARGET_DEFAULT=1]
  ignore line: [Target: x86_64-redhat-linux]
  ignore line: [Configured with: ../configure --enable-bootstrap --enable-languages=c c++ fortran lto --prefix=/opt/rh/gcc-toolset-12/root/usr --mandir=/opt/rh/gcc-toolset-12/root/usr/share/man --infodir=/opt/rh/gcc-toolset-12/root/usr/share/info --with-bugurl=http://bugzilla.redhat.com/bugzilla --enable-shared --enable-threads=posix --enable-checking=release --enable-multilib --with-system-zlib --enable-__cxa_atexit --disable-libunwind-exceptions --enable-gnu-unique-object --enable-linker-build-id --with-gcc-major-version-only --enable-libstdcxx-backtrace --with-linker-hash-style=gnu --enable-plugin --enable-initfini-array --with-isl=/builddir/build/BUILD/gcc-12.2.1-20221121/obj-x86_64-redhat-linux/isl-install --enable-offload-targets=nvptx-none --without-cuda-driver --enable-offload-defaulted --enable-gnu-indirect-function --enable-cet --with-tune=generic --with-arch_32=x86-64 --build=x86_64-redhat-linux]
  ignore line: [Thread model: posix]
  ignore line: [Supported LTO compression algorithms: zlib zstd]
  ignore line: [gcc version 12.2.1 20221121 (Red Hat 12.2.1-7) (GCC) ]
  ignore line: [COLLECT_GCC_OPTIONS='-v' '-o' 'CMakeFiles/cmTC_ea84f.dir/CMakeCCompilerABI.c.o' '-c' '-mtune=generic' '-march=x86-64' '-dumpdir' 'CMakeFiles/cmTC_ea84f.dir/']
  ignore line: [ /opt/rh/gcc-toolset-12/root/usr/libexec/gcc/x86_64-redhat-linux/12/cc1 -quiet -v /usr/share/cmake/Modules/CMakeCCompilerABI.c -quiet -dumpdir CMakeFiles/cmTC_ea84f.dir/ -dumpbase CMakeCCompilerABI.c.c -dumpbase-ext .c -mtune=generic -march=x86-64 -version -o /tmp/cccdGXFt.s]
  ignore line: [GNU C17 (GCC) version 12.2.1 20221121 (Red Hat 12.2.1-7) (x86_64-redhat-linux)]
  ignore line: [	compiled by GNU C version 12.2.1 20221121 (Red Hat 12.2.1-7)  GMP version 6.1.2  MPFR version 3.1.6-p2  MPC version 1.1.0  isl version isl-0.24-GMP]
  ignore line: []
  ignore line: [GGC heuristics: --param ggc-min-expand=100 --param ggc-min-heapsize=131072]
  ignore line: [ignoring nonexistent directory "/opt/rh/gcc-toolset-12/root/usr/lib/gcc/x86_64-redhat-linux/12/include-fixed"]
  ignore line: [ignoring nonexistent directory "/opt/rh/gcc-toolset-12/root/usr/lib/gcc/x86_64-redhat-linux/12/../../../../x86_64-redhat-linux/include"]
  ignore line: [#include "..." search starts here:]
  ignore line: [#include <...> search starts here:]
  ignore line: [ /opt/rh/gcc-toolset-12/root/usr/lib/gcc/x86_64-redhat-linux/12/include]
  ignore line: [ /usr/local/include]
  ignore line: [ /opt/rh/gcc-toolset-12/root/usr/include]
  ignore line: [ /usr/include]
  ignore line: [End of search list.]
  ignore line: [GNU C17 (GCC) version 12.2.1 20221121 (Red Hat 12.2.1-7) (x86_64-redhat-linux)]
  ignore line: [	compiled by GNU C version 12.2.1 20221121 (Red Hat 12.2.1-7)  GMP version 6.1.2  MPFR version 3.1.6-p2  MPC version 1.1.0  isl version isl-0.24-GMP]
  ignore line: []
  ignore line: [GGC heuristics: --param ggc-min-expand=100 --param ggc-min-heapsize=131072]
  ignore line: [Compiler executable checksum: 54c4f1d3a0a3eba603d2e8cfa867cdf6]
  ignore line: [COLLECT_GCC_OPTIONS='-v' '-o' 'CMakeFiles/cmTC_ea84f.dir/CMakeCCompilerABI.c.o' '-c' '-mtune=generic' '-march=x86-64' '-dumpdir' 'CMakeFiles/cmTC_ea84f.dir/']
  ignore line: [ /opt/rh/gcc-toolset-12/root/usr/libexec/gcc/x86_64-redhat-linux/12/as -v --64 -o CMakeFiles/cmTC_ea84f.dir/CMakeCCompilerABI.c.o /tmp/cccdGXFt.s]
  ignore line: [GNU assembler version 2.38 (x86_64-redhat-linux) using BFD version version 2.38-17.el8]
  ignore line: [COMPILER_PATH=/opt/rh/gcc-toolset-12/root/usr/libexec/gcc/x86_64-redhat-linux/12/:/opt/rh/gcc-toolset-12/root/usr/libexec/gcc/x86_64-redhat-linux/12/:/opt/rh/gcc-toolset-12/root/usr/libexec/gcc/x86_64-redhat-linux/:/opt/rh/gcc-toolset-12/root/usr/lib/gcc/x86_64-redhat-linux/12/:/opt/rh/gcc-toolset-12/root/usr/lib/gcc/x86_64-redhat-linux/]
  ignore line: [LIBRARY_PATH=/opt/rh/gcc-toolset-12/root/usr/lib/gcc/x86_64-redhat-linux/12/:/opt/rh/gcc-toolset-12/root/usr/lib/gcc/x86_64-redhat-linux/12/../../../../lib64/:/lib/../lib64/:/usr/lib/../lib64/:/opt/rh/gcc-toolset-12/root/usr/lib/gcc/x86_64-redhat-linux/12/../../../:/lib/:/usr/lib/]
  ignore line: [COLLECT_GCC_OPTIONS='-v' '-o' 'CMakeFiles/cmTC_ea84f.dir/CMakeCCompilerABI.c.o' '-c' '-mtune=generic' '-march=x86-64' '-dumpdir' 'CMakeFiles/cmTC_ea84f.dir/CMakeCCompilerABI.c.']
  ignore line: [Linking C executable cmTC_ea84f]
  ignore line: [/usr/bin/cmake -E cmake_link_script CMakeFiles/cmTC_ea84f.dir/link.txt --verbose=1]
  ignore line: [/opt/rh/gcc-toolset-12/root/usr/bin/cc  -v CMakeFiles/cmTC_ea84f.dir/CMakeCCompilerABI.c.o -o cmTC_ea84f ]
  ignore line: [Using built-in specs.]
  ignore line: [COLLECT_GCC=/opt/rh/gcc-toolset-12/root/usr/bin/cc]
  ignore line: [COLLECT_LTO_WRAPPER=/opt/rh/gcc-toolset-12/root/usr/libexec/gcc/x86_64-redhat-linux/12/lto-wrapper]
  ignore line: [OFFLOAD_TARGET_NAMES=nvptx-none]
  ignore line: [OFFLOAD_TARGET_DEFAULT=1]
  ignore line: [Target: x86_64-redhat-linux]
  ignore line: [Configured with: ../configure --enable-bootstrap --enable-languages=c c++ fortran lto --prefix=/opt/rh/gcc-toolset-12/root/usr --mandir=/opt/rh/gcc-toolset-12/root/usr/share/man --infodir=/opt/rh/gcc-toolset-12/root/usr/share/info --with-bugurl=http://bugzilla.redhat.com/bugzilla --enable-shared --enable-threads=posix --enable-checking=release --enable-multilib --with-system-zlib --enable-__cxa_atexit --disable-libunwind-exceptions --enable-gnu-unique-object --enable-linker-build-id --with-gcc-major-version-only --enable-libstdcxx-backtrace --with-linker-hash-style=gnu --enable-plugin --enable-initfini-array --with-isl=/builddir/build/BUILD/gcc-12.2.1-20221121/obj-x86_64-redhat-linux/isl-install --enable-offload-targets=nvptx-none --without-cuda-driver --enable-offload-defaulted --enable-gnu-indirect-function --enable-cet --with-tune=generic --with-arch_32=x86-64 --build=x86_64-redhat-linux]
  ignore line: [Thread model: posix]
  ignore line: [Supported LTO compression algorithms: zlib zstd]
  ignore line: [gcc version 12.2.1 20221121 (Red Hat 12.2.1-7) (GCC) ]
  ignore line: [COMPILER_PATH=/opt/rh/gcc-toolset-12/root/usr/libexec/gcc/x86_64-redhat-linux/12/:/opt/rh/gcc-toolset-12/root/usr/libexec/gcc/x86_64-redhat-linux/12/:/opt/rh/gcc-toolset-12/root/usr/libexec/gcc/x86_64-redhat-linux/:/opt/rh/gcc-toolset-12/root/usr/lib/gcc/x86_64-redhat-linux/12/:/opt/rh/gcc-toolset-12/root/usr/lib/gcc/x86_64-redhat-linux/]
  ignore line: [LIBRARY_PATH=/opt/rh/gcc-toolset-12/root/usr/lib/gcc/x86_64-redhat-linux/12/:/opt/rh/gcc-toolset-12/root/usr/lib/gcc/x86_64-redhat-linux/12/../../../../lib64/:/lib/../lib64/:/usr/lib/../lib64/:/opt/rh/gcc-toolset-12/root/usr/lib/gcc/x86_64-redhat-linux/12/../../../:/lib/:/usr/lib/]
  ignore line: [COLLECT_GCC_OPTIONS='-v' '-o' 'cmTC_ea84f' '-mtune=generic' '-march=x86-64' '-dumpdir' 'cmTC_ea84f.']
  link line: [ /opt/rh/gcc-toolset-12/root/usr/libexec/gcc/x86_64-redhat-linux/12/collect2 -plugin /opt/rh/gcc-toolset-12/root/usr/libexec/gcc/x86_64-redhat-linux/12/liblto_plugin.so -plugin-opt=/opt/rh/gcc-toolset-12/root/usr/libexec/gcc/x86_64-redhat-linux/12/lto-wrapper -plugin-opt=-fresolution=/tmp/ccOjSVMn.res -plugin-opt=-pass-through=-lgcc -plugin-opt=-pass-through=-lgcc_s -plugin-opt=-pass-through=-lc -plugin-opt=-pass-through=-lgcc -plugin-opt=-pass-through=-lgcc_s --build-id --no-add-needed --eh-frame-hdr --hash-style=gnu -m elf_x86_64 -dynamic-linker /lib64/ld-linux-x86-64.so.2 -o cmTC_ea84f /lib/../lib64/crt1.o /lib/../lib64/crti.o /opt/rh/gcc-toolset-12/root/usr/lib/gcc/x86_64-redhat-linux/12/crtbegin.o -L/opt/rh/gcc-toolset-12/root/usr/lib/gcc/x86_64-redhat-linux/12 -L/opt/rh/gcc-toolset-12/root/usr/lib/gcc/x86_64-redhat-linux/12/../../../../lib64 -L/lib/../lib64 -L/usr/lib/../lib64 -L/opt/rh/gcc-toolset-12/root/usr/lib/gcc/x86_64-redhat-linux/12/../../.. CMakeFiles/cmTC_ea84f.dir/CMakeCCompilerABI.c.o -lgcc --push-state --as-needed -lgcc_s --pop-state -lc -lgcc --push-state --as-needed -lgcc_s --pop-state /opt/rh/gcc-toolset-12/root/usr/lib/gcc/x86_64-redhat-linux/12/crtend.o /lib/../lib64/crtn.o]
    arg [/opt/rh/gcc-toolset-12/root/usr/libexec/gcc/x86_64-redhat-linux/12/collect2] ==> ignore
    arg [-plugin] ==> ignore
    arg [/opt/rh/gcc-toolset-12/root/usr/libexec/gcc/x86_64-redhat-linux/12/liblto_plugin.so] ==> ignore
    arg [-plugin-opt=/opt/rh/gcc-toolset-12/root/usr/libexec/gcc/x86_64-redhat-linux/12/lto-wrapper] ==> ignore
    arg [-plugin-opt=-fresolution=/tmp/ccOjSVMn.res] ==> ignore
    arg [-plugin-opt=-pass-through=-lgcc] ==> ignore
    arg [-plugin-opt=-pass-through=-lgcc_s] ==> ignore
    arg [-plugin-opt=-pass-through=-lc] ==> ignore
    arg [-plugin-opt=-pass-through=-lgcc] ==> ignore
    arg [-plugin-opt=-pass-through=-lgcc_s] ==> ignore
    arg [--build-id] ==> ignore
    arg [--no-add-needed] ==> ignore
    arg [--eh-frame-hdr] ==> ignore
    arg [--hash-style=gnu] ==> ignore
    arg [-m] ==> ignore
    arg [elf_x86_64] ==> ignore
    arg [-dynamic-linker] ==> ignore
    arg [/lib64/ld-linux-x86-64.so.2] ==> ignore
    arg [-o] ==> ignore
    arg [cmTC_ea84f] ==> ignore
    arg [/lib/../lib64/crt1.o] ==> obj [/lib/../lib64/crt1.o]
    arg [/lib/../lib64/crti.o] ==> obj [/lib/../lib64/crti.o]
    arg [/opt/rh/gcc-toolset-12/root/usr/lib/gcc/x86_64-redhat-linux/12/crtbegin.o] ==> obj [/opt/rh/gcc-toolset-12/root/usr/lib/gcc/x86_64-redhat-linux/12/crtbegin.o]
    arg [-L/opt/rh/gcc-toolset-12/root/usr/lib/gcc/x86_64-redhat-linux/12] ==> dir [/opt/rh/gcc-toolset-12/root/usr/lib/gcc/x86_64-redhat-linux/12]
    arg [-L/opt/rh/gcc-toolset-12/root/usr/lib/gcc/x86_64-redhat-linux/12/../../../../lib64] ==> dir [/opt/rh/gcc-toolset-12/root/usr/lib/gcc/x86_64-redhat-linux/12/../../../../lib64]
    arg [-L/lib/../lib64] ==> dir [/lib/../lib64]
    arg [-L/usr/lib/../lib64] ==> dir [/usr/lib/../lib64]
    arg [-L/opt/rh/gcc-toolset-12/root/usr/lib/gcc/x86_64-redhat-linux/12/../../..] ==> dir [/opt/rh/gcc-toolset-12/root/usr/lib/gcc/x86_64-redhat-linux/12/../../..]
    arg [CMakeFiles/cmTC_ea84f.dir/CMakeCCompilerABI.c.o] ==> ignore
    arg [-lgcc] ==> lib [gcc]
    arg [--push-state] ==> ignore
    arg [--as-needed] ==> ignore
    arg [-lgcc_s] ==> lib [gcc_s]
    arg [--pop-state] ==> ignore
    arg [-lc] ==> lib [c]
    arg [-lgcc] ==> lib [gcc]
    arg [--push-state] ==> ignore
    arg [--as-needed] ==> ignore
    arg [-lgcc_s] ==> lib [gcc_s]
    arg [--pop-state] ==> ignore
    arg [/opt/rh/gcc-toolset-12/root/usr/lib/gcc/x86_64-redhat-linux/12/crtend.o] ==> obj [/opt/rh/gcc-toolset-12/root/usr/lib/gcc/x86_64-redhat-linux/12/crtend.o]
    arg [/lib/../lib64/crtn.o] ==> obj [/lib/../lib64/crtn.o]
  collapse obj [/lib/../lib64/crt1.o] ==> [/lib64/crt1.o]
  collapse obj [/lib/../lib64/crti.o] ==> [/lib64/crti.o]
  collapse obj [/lib/../lib64/crtn.o] ==> [/lib64/crtn.o]
  collapse library dir [/opt/rh/gcc-toolset-12/root/usr/lib/gcc/x86_64-redhat-linux/12] ==> [/opt/rh/gcc-toolset-12/root/usr/lib/gcc/x86_64-redhat-linux/12]
  collapse library dir [/opt/rh/gcc-toolset-12/root/usr/lib/gcc/x86_64-redhat-linux/12/../../../../lib64] ==> [/opt/rh/gcc-toolset-12/root/usr/lib64]
  collapse library dir [/lib/../lib64] ==> [/lib64]
  collapse library dir [/usr/lib/../lib64] ==> [/usr/lib64]
  collapse library dir [/opt/rh/gcc-toolset-12/root/usr/lib/gcc/x86_64-redhat-linux/12/../../..] ==> [/opt/rh/gcc-toolset-12/root/usr/lib]
  implicit libs: [gcc;gcc_s;c;gcc;gcc_s]
  implicit objs: [/lib64/crt1.o;/lib64/crti.o;/opt/rh/gcc-toolset-12/root/usr/lib/gcc/x86_64-redhat-linux/12/crtbegin.o;/opt/rh/gcc-toolset-12/root/usr/lib/gcc/x86_64-redhat-linux/12/crtend.o;/lib64/crtn.o]
  implicit dirs: [/opt/rh/gcc-toolset-12/root/usr/lib/gcc/x86_64-redhat-linux/12;/opt/rh/gcc-toolset-12/root/usr/lib64;/lib64;/usr/lib64;/opt/rh/gcc-toolset-12/root/usr/lib]
  implicit fwks: []


Detecting CXX compiler ABI info compiled with the following output:
Change Dir: /home/s5523468/SphereLight/CMakeFiles/CMakeTmp

Run Build Command(s):/usr/bin/gmake -f Makefile cmTC_b91b7/fast && /usr/bin/gmake  -f CMakeFiles/cmTC_b91b7.dir/build.make CMakeFiles/cmTC_b91b7.dir/build
gmake[1]: Entering directory '/home/s5523468/SphereLight/CMakeFiles/CMakeTmp'
Building CXX object CMakeFiles/cmTC_b91b7.dir/CMakeCXXCompilerABI.cpp.o
/opt/rh/gcc-toolset-12/root/usr/bin/c++   -v -o CMakeFiles/cmTC_b91b7.dir/CMakeCXXCompilerABI.cpp.o -c /usr/share/cmake/Modules/CMakeCXXCompilerABI.cpp
Using built-in specs.
COLLECT_GCC=/opt/rh/gcc-toolset-12/root/usr/bin/c++
OFFLOAD_TARGET_NAMES=nvptx-none
OFFLOAD_TARGET_DEFAULT=1
Target: x86_64-redhat-linux
Configured with: ../configure --enable-bootstrap --enable-languages=c,c++,fortran,lto --prefix=/opt/rh/gcc-toolset-12/root/usr --mandir=/opt/rh/gcc-toolset-12/root/usr/share/man --infodir=/opt/rh/gcc-toolset-12/root/usr/share/info --with-bugurl=http://bugzilla.redhat.com/bugzilla --enable-shared --enable-threads=posix --enable-checking=release --enable-multilib --with-system-zlib --enable-__cxa_atexit --disable-libunwind-exceptions --enable-gnu-unique-object --enable-linker-build-id --with-gcc-major-version-only --enable-libstdcxx-backtrace --with-linker-hash-style=gnu --enable-plugin --enable-initfini-array --with-isl=/builddir/build/BUILD/gcc-12.2.1-20221121/obj-x86_64-redhat-linux/isl-install --enable-offload-targets=nvptx-none --without-cuda-driver --enable-offload-defaulted --enable-gnu-indirect-function --enable-cet --with-tune=generic --with-arch_32=x86-64 --build=x86_64-redhat-linux
Thread model: posix
Supported LTO compression algorithms: zlib zstd
gcc version 12.2.1 20221121 (Red Hat 12.2.1-7) (GCC) 
COLLECT_GCC_OPTIONS='-v' '-o' 'CMakeFiles/cmTC_b91b7.dir/CMakeCXXCompilerABI.cpp.o' '-c' '-shared-libgcc' '-mtune=generic' '-march=x86-64' '-dumpdir' 'CMakeFiles/cmTC_b91b7.dir/'
 /opt/rh/gcc-toolset-12/root/usr/libexec/gcc/x86_64-redhat-linux/12/cc1plus -quiet -v -D_GNU_SOURCE /usr/share/cmake/Modules/CMakeCXXCompilerABI.cpp -quiet -dumpdir CMakeFiles/cmTC_b91b7.dir/ -dumpbase CMakeCXXCompilerABI.cpp.cpp -dumpbase-ext .cpp -mtune=generic -march=x86-64 -version -o /tmp/ccRpLH5f.s
GNU C++17 (GCC) version 12.2.1 20221121 (Red Hat 12.2.1-7) (x86_64-redhat-linux)
	compiled by GNU C version 12.2.1 20221121 (Red Hat 12.2.1-7), GMP version 6.1.2, MPFR version 3.1.6-p2, MPC version 1.1.0, isl version isl-0.24-GMP

GGC heuristics: --param ggc-min-expand=100 --param ggc-min-heapsize=131072
ignoring nonexistent directory "/opt/rh/gcc-toolset-12/root/usr/lib/gcc/x86_64-redhat-linux/12/include-fixed"
ignoring nonexistent directory "/opt/rh/gcc-toolset-12/root/usr/lib/gcc/x86_64-redhat-linux/12/../../../../x86_64-redhat-linux/include"
#include "..." search starts here:
#include <...> search starts here:
 /opt/rh/gcc-toolset-12/root/usr/lib/gcc/x86_64-redhat-linux/12/../../../../include/c++/12
 /opt/rh/gcc-toolset-12/root/usr/lib/gcc/x86_64-redhat-linux/12/../../../../include/c++/12/x86_64-redhat-linux
 /opt/rh/gcc-toolset-12/root/usr/lib/gcc/x86_64-redhat-linux/12/../../../../include/c++/12/backward
 /opt/rh/gcc-toolset-12/root/usr/lib/gcc/x86_64-redhat-linux/12/include
 /usr/local/include
 /opt/rh/gcc-toolset-12/root/usr/include
 /usr/include
End of search list.
GNU C++17 (GCC) version 12.2.1 20221121 (Red Hat 12.2.1-7) (x86_64-redhat-linux)
	compiled by GNU C version 12.2.1 20221121 (Red Hat 12.2.1-7), GMP version 6.1.2, MPFR version 3.1.6-p2, MPC version 1.1.0, isl version isl-0.24-GMP

GGC heuristics: --param ggc-min-expand=100 --param ggc-min-heapsize=131072
Compiler executable checksum: eb2d704c0bf7351e4670621b52ac6c23
COLLECT_GCC_OPTIONS='-v' '-o' 'CMakeFiles/cmTC_b91b7.dir/CMakeCXXCompilerABI.cpp.o' '-c' '-shared-libgcc' '-mtune=generic' '-march=x86-64' '-dumpdir' 'CMakeFiles/cmTC_b91b7.dir/'
 /opt/rh/gcc-toolset-12/root/usr/libexec/gcc/x86_64-redhat-linux/12/as -v --64 -o CMakeFiles/cmTC_b91b7.dir/CMakeCXXCompilerABI.cpp.o /tmp/ccRpLH5f.s
GNU assembler version 2.38 (x86_64-redhat-linux) using BFD version version 2.38-17.el8
COMPILER_PATH=/opt/rh/gcc-toolset-12/root/usr/libexec/gcc/x86_64-redhat-linux/12/:/opt/rh/gcc-toolset-12/root/usr/libexec/gcc/x86_64-redhat-linux/12/:/opt/rh/gcc-toolset-12/root/usr/libexec/gcc/x86_64-redhat-linux/:/opt/rh/gcc-toolset-12/root/usr/lib/gcc/x86_64-redhat-linux/12/:/opt/rh/gcc-toolset-12/root/usr/lib/gcc/x86_64-redhat-linux/
LIBRARY_PATH=/opt/rh/gcc-toolset-12/root/usr/lib/gcc/x86_64-redhat-linux/12/:/opt/rh/gcc-toolset-12/root/usr/lib/gcc/x86_64-redhat-linux/12/../../../../lib64/:/lib/../lib64/:/usr/lib/../lib64/:/opt/rh/gcc-toolset-12/root/usr/lib/gcc/x86_64-redhat-linux/12/../../../:/lib/:/usr/lib/
COLLECT_GCC_OPTIONS='-v' '-o' 'CMakeFiles/cmTC_b91b7.dir/CMakeCXXCompilerABI.cpp.o' '-c' '-shared-libgcc' '-mtune=generic' '-march=x86-64' '-dumpdir' 'CMakeFiles/cmTC_b91b7.dir/CMakeCXXCompilerABI.cpp.'
Linking CXX executable cmTC_b91b7
/usr/bin/cmake -E cmake_link_script CMakeFiles/cmTC_b91b7.dir/link.txt --verbose=1
/opt/rh/gcc-toolset-12/root/usr/bin/c++  -v CMakeFiles/cmTC_b91b7.dir/CMakeCXXCompilerABI.cpp.o -o cmTC_b91b7 
Using built-in specs.
COLLECT_GCC=/opt/rh/gcc-toolset-12/root/usr/bin/c++
COLLECT_LTO_WRAPPER=/opt/rh/gcc-toolset-12/root/usr/libexec/gcc/x86_64-redhat-linux/12/lto-wrapper
OFFLOAD_TARGET_NAMES=nvptx-none
OFFLOAD_TARGET_DEFAULT=1
Target: x86_64-redhat-linux
Configured with: ../configure --enable-bootstrap --enable-languages=c,c++,fortran,lto --prefix=/opt/rh/gcc-toolset-12/root/usr --mandir=/opt/rh/gcc-toolset-12/root/usr/share/man --infodir=/opt/rh/gcc-toolset-12/root/usr/share/info --with-bugurl=http://bugzilla.redhat.com/bugzilla --enable-shared --enable-threads=posix --enable-checking=release --enable-multilib --with-system-zlib --enable-__cxa_atexit --disable-libunwind-exceptions --enable-gnu-unique-object --enable-linker-build-id --with-gcc-major-version-only --enable-libstdcxx-backtrace --with-linker-hash-style=gnu --enable-plugin --enable-initfini-array --with-isl=/builddir/build/BUILD/gcc-12.2.1-20221121/obj-x86_64-redhat-linux/isl-install --enable-offload-targets=nvptx-none --without-cuda-driver --enable-offload-defaulted --enable-gnu-indirect-function --enable-cet --with-tune=generic --with-arch_32=x86-64 --build=x86_64-redhat-linux
Thread model: posix
Supported LTO compression algorithms: zlib zstd
gcc version 12.2.1 20221121 (Red Hat 12.2.1-7) (GCC) 
COMPILER_PATH=/opt/rh/gcc-toolset-12/root/usr/libexec/gcc/x86_64-redhat-linux/12/:/opt/rh/gcc-toolset-12/root/usr/libexec/gcc/x86_64-redhat-linux/12/:/opt/rh/gcc-toolset-12/root/usr/libexec/gcc/x86_64-redhat-linux/:/opt/rh/gcc-toolset-12/root/usr/lib/gcc/x86_64-redhat-linux/12/:/opt/rh/gcc-toolset-12/root/usr/lib/gcc/x86_64-redhat-linux/
LIBRARY_PATH=/opt/rh/gcc-toolset-12/root/usr/lib/gcc/x86_64-redhat-linux/12/:/opt/rh/gcc-toolset-12/root/usr/lib/gcc/x86_64-redhat-linux/12/../../../../lib64/:/lib/../lib64/:/usr/lib/../lib64/:/opt/rh/gcc-toolset-12/root/usr/lib/gcc/x86_64-redhat-linux/12/../../../:/lib/:/usr/lib/
COLLECT_GCC_OPTIONS='-v' '-o' 'cmTC_b91b7' '-shared-libgcc' '-mtune=generic' '-march=x86-64' '-dumpdir' 'cmTC_b91b7.'
 /opt/rh/gcc-toolset-12/root/usr/libexec/gcc/x86_64-redhat-linux/12/collect2 -plugin /opt/rh/gcc-toolset-12/root/usr/libexec/gcc/x86_64-redhat-linux/12/liblto_plugin.so -plugin-opt=/opt/rh/gcc-toolset-12/root/usr/libexec/gcc/x86_64-redhat-linux/12/lto-wrapper -plugin-opt=-fresolution=/tmp/cceT3ScC.res -plugin-opt=-pass-through=-lgcc_s -plugin-opt=-pass-through=-lgcc -plugin-opt=-pass-through=-lc -plugin-opt=-pass-through=-lgcc_s -plugin-opt=-pass-through=-lgcc --build-id --no-add-needed --eh-frame-hdr --hash-style=gnu -m elf_x86_64 -dynamic-linker /lib64/ld-linux-x86-64.so.2 -o cmTC_b91b7 /lib/../lib64/crt1.o /lib/../lib64/crti.o /opt/rh/gcc-toolset-12/root/usr/lib/gcc/x86_64-redhat-linux/12/crtbegin.o -L/opt/rh/gcc-toolset-12/root/usr/lib/gcc/x86_64-redhat-linux/12 -L/opt/rh/gcc-toolset-12/root/usr/lib/gcc/x86_64-redhat-linux/12/../../../../lib64 -L/lib/../lib64 -L/usr/lib/../lib64 -L/opt/rh/gcc-toolset-12/root/usr/lib/gcc/x86_64-redhat-linux/12/../../.. CMakeFiles/cmTC_b91b7.dir/CMakeCXXCompilerABI.cpp.o -lstdc++ -lm -lgcc_s -lgcc -lc -lgcc_s -lgcc /opt/rh/gcc-toolset-12/root/usr/lib/gcc/x86_64-redhat-linux/12/crtend.o /lib/../lib64/crtn.o
COLLECT_GCC_OPTIONS='-v' '-o' 'cmTC_b91b7' '-shared-libgcc' '-mtune=generic' '-march=x86-64' '-dumpdir' 'cmTC_b91b7.'
gmake[1]: Leaving directory '/home/s5523468/SphereLight/CMakeFiles/CMakeTmp'



Parsed CXX implicit include dir info from above output: rv=done
  found start of include info
  found start of implicit include info
    add: [/opt/rh/gcc-toolset-12/root/usr/lib/gcc/x86_64-redhat-linux/12/../../../../include/c++/12]
    add: [/opt/rh/gcc-toolset-12/root/usr/lib/gcc/x86_64-redhat-linux/12/../../../../include/c++/12/x86_64-redhat-linux]
    add: [/opt/rh/gcc-toolset-12/root/usr/lib/gcc/x86_64-redhat-linux/12/../../../../include/c++/12/backward]
    add: [/opt/rh/gcc-toolset-12/root/usr/lib/gcc/x86_64-redhat-linux/12/include]
    add: [/usr/local/include]
    add: [/opt/rh/gcc-toolset-12/root/usr/include]
    add: [/usr/include]
  end of search list found
  collapse include dir [/opt/rh/gcc-toolset-12/root/usr/lib/gcc/x86_64-redhat-linux/12/../../../../include/c++/12] ==> [/opt/rh/gcc-toolset-12/root/usr/include/c++/12]
  collapse include dir [/opt/rh/gcc-toolset-12/root/usr/lib/gcc/x86_64-redhat-linux/12/../../../../include/c++/12/x86_64-redhat-linux] ==> [/opt/rh/gcc-toolset-12/root/usr/include/c++/12/x86_64-redhat-linux]
  collapse include dir [/opt/rh/gcc-toolset-12/root/usr/lib/gcc/x86_64-redhat-linux/12/../../../../include/c++/12/backward] ==> [/opt/rh/gcc-toolset-12/root/usr/include/c++/12/backward]
  collapse include dir [/opt/rh/gcc-toolset-12/root/usr/lib/gcc/x86_64-redhat-linux/12/include] ==> [/opt/rh/gcc-toolset-12/root/usr/lib/gcc/x86_64-redhat-linux/12/include]
  collapse include dir [/usr/local/include] ==> [/usr/local/include]
  collapse include dir [/opt/rh/gcc-toolset-12/root/usr/include] ==> [/opt/rh/gcc-toolset-12/root/usr/include]
  collapse include dir [/usr/include] ==> [/usr/include]
  implicit include dirs: [/opt/rh/gcc-toolset-12/root/usr/include/c++/12;/opt/rh/gcc-toolset-12/root/usr/include/c++/12/x86_64-redhat-linux;/opt/rh/gcc-toolset-12/root/usr/include/c++/12/backward;/opt/rh/gcc-toolset-12/root/usr/lib/gcc/x86_64-redhat-linux/12/include;/usr/local/include;/opt/rh/gcc-toolset-12/root/usr/include;/usr/include]


Parsed CXX implicit link information from above output:
  link line regex: [^( *|.*[/\])(ld|CMAKE_LINK_STARTFILE-NOTFOUND|([^/\]+-)?ld|collect2)[^/\]*( |$)]
  ignore line: [Change Dir: /home/s5523468/SphereLight/CMakeFiles/CMakeTmp]
  ignore line: []
  ignore line: [Run Build Command(s):/usr/bin/gmake -f Makefile cmTC_b91b7/fast && /usr/bin/gmake  -f CMakeFiles/cmTC_b91b7.dir/build.make CMakeFiles/cmTC_b91b7.dir/build]
  ignore line: [gmake[1]: Entering directory '/home/s5523468/SphereLight/CMakeFiles/CMakeTmp']
  ignore line: [Building CXX object CMakeFiles/cmTC_b91b7.dir/CMakeCXXCompilerABI.cpp.o]
  ignore line: [/opt/rh/gcc-toolset-12/root/usr/bin/c++   -v -o CMakeFiles/cmTC_b91b7.dir/CMakeCXXCompilerABI.cpp.o -c /usr/share/cmake/Modules/CMakeCXXCompilerABI.cpp]
  ignore line: [Using built-in specs.]
  ignore line: [COLLECT_GCC=/opt/rh/gcc-toolset-12/root/usr/bin/c++]
  ignore line: [OFFLOAD_TARGET_NAMES=nvptx-none]
  ignore line: [OFFLOAD_TARGET_DEFAULT=1]
  ignore line: [Target: x86_64-redhat-linux]
  ignore line: [Configured with: ../configure --enable-bootstrap --enable-languages=c c++ fortran lto --prefix=/opt/rh/gcc-toolset-12/root/usr --mandir=/opt/rh/gcc-toolset-12/root/usr/share/man --infodir=/opt/rh/gcc-toolset-12/root/usr/share/info --with-bugurl=http://bugzilla.redhat.com/bugzilla --enable-shared --enable-threads=posix --enable-checking=release --enable-multilib --with-system-zlib --enable-__cxa_atexit --disable-libunwind-exceptions --enable-gnu-unique-object --enable-linker-build-id --with-gcc-major-version-only --enable-libstdcxx-backtrace --with-linker-hash-style=gnu --enable-plugin --enable-initfini-array --with-isl=/builddir/build/BUILD/gcc-12.2.1-20221121/obj-x86_64-redhat-linux/isl-install --enable-offload-targets=nvptx-none --without-cuda-driver --enable-offload-defaulted --enable-gnu-indirect-function --enable-cet --with-tune=generic --with-arch_32=x86-64 --build=x86_64-redhat-linux]
  ignore line: [Thread model: posix]
  ignore line: [Supported LTO compression algorithms: zlib zstd]
  ignore line: [gcc version 12.2.1 20221121 (Red Hat 12.2.1-7) (GCC) ]
  ignore line: [COLLECT_GCC_OPTIONS='-v' '-o' 'CMakeFiles/cmTC_b91b7.dir/CMakeCXXCompilerABI.cpp.o' '-c' '-shared-libgcc' '-mtune=generic' '-march=x86-64' '-dumpdir' 'CMakeFiles/cmTC_b91b7.dir/']
  ignore line: [ /opt/rh/gcc-toolset-12/root/usr/libexec/gcc/x86_64-redhat-linux/12/cc1plus -quiet -v -D_GNU_SOURCE /usr/share/cmake/Modules/CMakeCXXCompilerABI.cpp -quiet -dumpdir CMakeFiles/cmTC_b91b7.dir/ -dumpbase CMakeCXXCompilerABI.cpp.cpp -dumpbase-ext .cpp -mtune=generic -march=x86-64 -version -o /tmp/ccRpLH5f.s]
  ignore line: [GNU C++17 (GCC) version 12.2.1 20221121 (Red Hat 12.2.1-7) (x86_64-redhat-linux)]
  ignore line: [	compiled by GNU C version 12.2.1 20221121 (Red Hat 12.2.1-7)  GMP version 6.1.2  MPFR version 3.1.6-p2  MPC version 1.1.0  isl version isl-0.24-GMP]
  ignore line: []
  ignore line: [GGC heuristics: --param ggc-min-expand=100 --param ggc-min-heapsize=131072]
  ignore line: [ignoring nonexistent directory "/opt/rh/gcc-toolset-12/root/usr/lib/gcc/x86_64-redhat-linux/12/include-fixed"]
  ignore line: [ignoring nonexistent directory "/opt/rh/gcc-toolset-12/root/usr/lib/gcc/x86_64-redhat-linux/12/../../../../x86_64-redhat-linux/include"]
  ignore line: [#include "..." search starts here:]
  ignore line: [#include <...> search starts here:]
  ignore line: [ /opt/rh/gcc-toolset-12/root/usr/lib/gcc/x86_64-redhat-linux/12/../../../../include/c++/12]
  ignore line: [ /opt/rh/gcc-toolset-12/root/usr/lib/gcc/x86_64-redhat-linux/12/../../../../include/c++/12/x86_64-redhat-linux]
  ignore line: [ /opt/rh/gcc-toolset-12/root/usr/lib/gcc/x86_64-redhat-linux/12/../../../../include/c++/12/backward]
  ignore line: [ /opt/rh/gcc-toolset-12/root/usr/lib/gcc/x86_64-redhat-linux/12/include]
  ignore line: [ /usr/local/include]
  ignore line: [ /opt/rh/gcc-toolset-12/root/usr/include]
  ignore line: [ /usr/include]
  ignore line: [End of search list.]
  ignore line: [GNU C++17 (GCC) version 12.2.1 20221121 (Red Hat 12.2.1-7) (x86_64-redhat-linux)]
  ignore line: [	compiled by GNU C version 12.2.1 20221121 (Red Hat 12.2.1-7)  GMP version 6.1.2  MPFR version 3.1.6-p2  MPC version 1.1.0  isl version isl-0.24-GMP]
  ignore line: []
  ignore line: [GGC heuristics: --param ggc-min-expand=100 --param ggc-min-heapsize=131072]
  ignore line: [Compiler executable checksum: eb2d704c0bf7351e4670621b52ac6c23]
  ignore line: [COLLECT_GCC_OPTIONS='-v' '-o' 'CMakeFiles/cmTC_b91b7.dir/CMakeCXXCompilerABI.cpp.o' '-c' '-shared-libgcc' '-mtune=generic' '-march=x86-64' '-dumpdir' 'CMakeFiles/cmTC_b91b7.dir/']
  ignore line: [ /opt/rh/gcc-toolset-12/root/usr/libexec/gcc/x86_64-redhat-linux/12/as -v --64 -o CMakeFiles/cmTC_b91b7.dir/CMakeCXXCompilerABI.cpp.o /tmp/ccRpLH5f.s]
  ignore line: [GNU assembler version 2.38 (x86_64-redhat-linux) using BFD version version 2.38-17.el8]
  ignore line: [COMPILER_PATH=/opt/rh/gcc-toolset-12/root/usr/libexec/gcc/x86_64-redhat-linux/12/:/opt/rh/gcc-toolset-12/root/usr/libexec/gcc/x86_64-redhat-linux/12/:/opt/rh/gcc-toolset-12/root/usr/libexec/gcc/x86_64-redhat-linux/:/opt/rh/gcc-toolset-12/root/usr/lib/gcc/x86_64-redhat-linux/12/:/opt/rh/gcc-toolset-12/root/usr/lib/gcc/x86_64-redhat-linux/]
  ignore line: [LIBRARY_PATH=/opt/rh/gcc-toolset-12/root/usr/lib/gcc/x86_64-redhat-linux/12/:/opt/rh/gcc-toolset-12/root/usr/lib/gcc/x86_64-redhat-linux/12/../../../../lib64/:/lib/../lib64/:/usr/lib/../lib64/:/opt/rh/gcc-toolset-12/root/usr/lib/gcc/x86_64-redhat-linux/12/../../../:/lib/:/usr/lib/]
  ignore line: [COLLECT_GCC_OPTIONS='-v' '-o' 'CMakeFiles/cmTC_b91b7.dir/CMakeCXXCompilerABI.cpp.o' '-c' '-shared-libgcc' '-mtune=generic' '-march=x86-64' '-dumpdir' 'CMakeFiles/cmTC_b91b7.dir/CMakeCXXCompilerABI.cpp.']
  ignore line: [Linking CXX executable cmTC_b91b7]
  ignore line: [/usr/bin/cmake -E cmake_link_script CMakeFiles/cmTC_b91b7.dir/link.txt --verbose=1]
  ignore line: [/opt/rh/gcc-toolset-12/root/usr/bin/c++  -v CMakeFiles/cmTC_b91b7.dir/CMakeCXXCompilerABI.cpp.o -o cmTC_b91b7 ]
  ignore line: [Using built-in specs.]
  ignore line: [COLLECT_GCC=/opt/rh/gcc-toolset-12/root/usr/bin/c++]
  ignore line: [COLLECT_LTO_WRAPPER=/opt/rh/gcc-toolset-12/root/usr/libexec/gcc/x86_64-redhat-linux/12/lto-wrapper]
  ignore line: [OFFLOAD_TARGET_NAMES=nvptx-none]
  ignore line: [OFFLOAD_TARGET_DEFAULT=1]
  ignore line: [Target: x86_64-redhat-linux]
  ignore line: [Configured with: ../configure --enable-bootstrap --enable-languages=c c++ fortran lto --prefix=/opt/rh/gcc-toolset-12/root/usr --mandir=/opt/rh/gcc-toolset-12/root/usr/share/man --infodir=/opt/rh/gcc-toolset-12/root/usr/share/info --with-bugurl=http://bugzilla.redhat.com/bugzilla --enable-shared --enable-threads=posix --enable-checking=release --enable-multilib --with-system-zlib --enable-__cxa_atexit --disable-libunwind-exceptions --enable-gnu-unique-object --enable-linker-build-id --with-gcc-major-version-only --enable-libstdcxx-backtrace --with-linker-hash-style=gnu --enable-plugin --enable-initfini-array --with-isl=/builddir/build/BUILD/gcc-12.2.1-20221121/obj-x86_64-redhat-linux/isl-install --enable-offload-targets=nvptx-none --without-cuda-driver --enable-offload-defaulted --enable-gnu-indirect-function --enable-cet --with-tune=generic --with-arch_32=x86-64 --build=x86_64-redhat-linux]
  ignore line: [Thread model: posix]
  ignore line: [Supported LTO compression algorithms: zlib zstd]
  ignore line: [gcc version 12.2.1 20221121 (Red Hat 12.2.1-7) (GCC) ]
  ignore line: [COMPILER_PATH=/opt/rh/gcc-toolset-12/root/usr/libexec/gcc/x86_64-redhat-linux/12/:/opt/rh/gcc-toolset-12/root/usr/libexec/gcc/x86_64-redhat-linux/12/:/opt/rh/gcc-toolset-12/root/usr/libexec/gcc/x86_64-redhat-linux/:/opt/rh/gcc-toolset-12/root/usr/lib/gcc/x86_64-redhat-linux/12/:/opt/rh/gcc-toolset-12/root/usr/lib/gcc/x86_64-redhat-linux/]
  ignore line: [LIBRARY_PATH=/opt/rh/gcc-toolset-12/root/usr/lib/gcc/x86_64-redhat-linux/12/:/opt/rh/gcc-toolset-12/root/usr/lib/gcc/x86_64-redhat-linux/12/../../../../lib64/:/lib/../lib64/:/usr/lib/../lib64/:/opt/rh/gcc-toolset-12/root/usr/lib/gcc/x86_64-redhat-linux/12/../../../:/lib/:/usr/lib/]
  ignore line: [COLLECT_GCC_OPTIONS='-v' '-o' 'cmTC_b91b7' '-shared-libgcc' '-mtune=generic' '-march=x86-64' '-dumpdir' 'cmTC_b91b7.']
  link line: [ /opt/rh/gcc-toolset-12/root/usr/libexec/gcc/x86_64-redhat-linux/12/collect2 -plugin /opt/rh/gcc-toolset-12/root/usr/libexec/gcc/x86_64-redhat-linux/12/liblto_plugin.so -plugin-opt=/opt/rh/gcc-toolset-12/root/usr/libexec/gcc/x86_64-redhat-linux/12/lto-wrapper -plugin-opt=-fresolution=/tmp/cceT3ScC.res -plugin-opt=-pass-through=-lgcc_s -plugin-opt=-pass-through=-lgcc -plugin-opt=-pass-through=-lc -plugin-opt=-pass-through=-lgcc_s -plugin-opt=-pass-through=-lgcc --build-id --no-add-needed --eh-frame-hdr --hash-style=gnu -m elf_x86_64 -dynamic-linker /lib64/ld-linux-x86-64.so.2 -o cmTC_b91b7 /lib/../lib64/crt1.o /lib/../lib64/crti.o /opt/rh/gcc-toolset-12/root/usr/lib/gcc/x86_64-redhat-linux/12/crtbegin.o -L/opt/rh/gcc-toolset-12/root/usr/lib/gcc/x86_64-redhat-linux/12 -L/opt/rh/gcc-toolset-12/root/usr/lib/gcc/x86_64-redhat-linux/12/../../../../lib64 -L/lib/../lib64 -L/usr/lib/../lib64 -L/opt/rh/gcc-toolset-12/root/usr/lib/gcc/x86_64-redhat-linux/12/../../.. CMakeFiles/cmTC_b91b7.dir/CMakeCXXCompilerABI.cpp.o -lstdc++ -lm -lgcc_s -lgcc -lc -lgcc_s -lgcc /opt/rh/gcc-toolset-12/root/usr/lib/gcc/x86_64-redhat-linux/12/crtend.o /lib/../lib64/crtn.o]
    arg [/opt/rh/gcc-toolset-12/root/usr/libexec/gcc/x86_64-redhat-linux/12/collect2] ==> ignore
    arg [-plugin] ==> ignore
    arg [/opt/rh/gcc-toolset-12/root/usr/libexec/gcc/x86_64-redhat-linux/12/liblto_plugin.so] ==> ignore
    arg [-plugin-opt=/opt/rh/gcc-toolset-12/root/usr/libexec/gcc/x86_64-redhat-linux/12/lto-wrapper] ==> ignore
    arg [-plugin-opt=-fresolution=/tmp/cceT3ScC.res] ==> ignore
    arg [-plugin-opt=-pass-through=-lgcc_s] ==> ignore
    arg [-plugin-opt=-pass-through=-lgcc] ==> ignore
    arg [-plugin-opt=-pass-through=-lc] ==> ignore
    arg [-plugin-opt=-pass-through=-lgcc_s] ==> ignore
    arg [-plugin-opt=-pass-through=-lgcc] ==> ignore
    arg [--build-id] ==> ignore
    arg [--no-add-needed] ==> ignore
    arg [--eh-frame-hdr] ==> ignore
    arg [--hash-style=gnu] ==> ignore
    arg [-m] ==> ignore
    arg [elf_x86_64] ==> ignore
    arg [-dynamic-linker] ==> ignore
    arg [/lib64/ld-linux-x86-64.so.2] ==> ignore
    arg [-o] ==> ignore
    arg [cmTC_b91b7] ==> ignore
    arg [/lib/../lib64/crt1.o] ==> obj [/lib/../lib64/crt1.o]
    arg [/lib/../lib64/crti.o] ==> obj [/lib/../lib64/crti.o]
    arg [/opt/rh/gcc-toolset-12/root/usr/lib/gcc/x86_64-redhat-linux/12/crtbegin.o] ==> obj [/opt/rh/gcc-toolset-12/root/usr/lib/gcc/x86_64-redhat-linux/12/crtbegin.o]
    arg [-L/opt/rh/gcc-toolset-12/root/usr/lib/gcc/x86_64-redhat-linux/12] ==> dir [/opt/rh/gcc-toolset-12/root/usr/lib/gcc/x86_64-redhat-linux/12]
    arg [-L/opt/rh/gcc-toolset-12/root/usr/lib/gcc/x86_64-redhat-linux/12/../../../../lib64] ==> dir [/opt/rh/gcc-toolset-12/root/usr/lib/gcc/x86_64-redhat-linux/12/../../../../lib64]
    arg [-L/lib/../lib64] ==> dir [/lib/../lib64]
    arg [-L/usr/lib/../lib64] ==> dir [/usr/lib/../lib64]
    arg [-L/opt/rh/gcc-toolset-12/root/usr/lib/gcc/x86_64-redhat-linux/12/../../..] ==> dir [/opt/rh/gcc-toolset-12/root/usr/lib/gcc/x86_64-redhat-linux/12/../../..]
    arg [CMakeFiles/cmTC_b91b7.dir/CMakeCXXCompilerABI.cpp.o] ==> ignore
    arg [-lstdc++] ==> lib [stdc++]
    arg [-lm] ==> lib [m]
    arg [-lgcc_s] ==> lib [gcc_s]
    arg [-lgcc] ==> lib [gcc]
    arg [-lc] ==> lib [c]
    arg [-lgcc_s] ==> lib [gcc_s]
    arg [-lgcc] ==> lib [gcc]
    arg [/opt/rh/gcc-toolset-12/root/usr/lib/gcc/x86_64-redhat-linux/12/crtend.o] ==> obj [/opt/rh/gcc-toolset-12/root/usr/lib/gcc/x86_64-redhat-linux/12/crtend.o]
    arg [/lib/../lib64/crtn.o] ==> obj [/lib/../lib64/crtn.o]
  collapse obj [/lib/../lib64/crt1.o] ==> [/lib64/crt1.o]
  collapse obj [/lib/../lib64/crti.o] ==> [/lib64/crti.o]
  collapse obj [/lib/../lib64/crtn.o] ==> [/lib64/crtn.o]
  collapse library dir [/opt/rh/gcc-toolset-12/root/usr/lib/gcc/x86_64-redhat-linux/12] ==> [/opt/rh/gcc-toolset-12/root/usr/lib/gcc/x86_64-redhat-linux/12]
  collapse library dir [/opt/rh/gcc-toolset-12/root/usr/lib/gcc/x86_64-redhat-linux/12/../../../../lib64] ==> [/opt/rh/gcc-toolset-12/root/usr/lib64]
  collapse library dir [/lib/../lib64] ==> [/lib64]
  collapse library dir [/usr/lib/../lib64] ==> [/usr/lib64]
  collapse library dir [/opt/rh/gcc-toolset-12/root/usr/lib/gcc/x86_64-redhat-linux/12/../../..] ==> [/opt/rh/gcc-toolset-12/root/usr/lib]
  implicit libs: [stdc++;m;gcc_s;gcc;c;gcc_s;gcc]
  implicit objs: [/lib64/crt1.o;/lib64/crti.o;/opt/rh/gcc-toolset-12/root/usr/lib/gcc/x86_64-redhat-linux/12/crtbegin.o;/opt/rh/gcc-toolset-12/root/usr/lib/gcc/x86_64-redhat-linux/12/crtend.o;/lib64/crtn.o]
  implicit dirs: [/opt/rh/gcc-toolset-12/root/usr/lib/gcc/x86_64-redhat-linux/12;/opt/rh/gcc-toolset-12/root/usr/lib64;/lib64;/usr/lib64;/opt/rh/gcc-toolset-12/root/usr/lib]
  implicit fwks: []


